# $1: Aminoacid mutation in partner 1
# $2: Aminoacid mutation in partner 2
# $3: mean enrich tandem mutant, $4: stdev, $5: median, $6: quant_1st , $7: quant_2nd,
# $8: mean1 vs WT, $9: stdev1, $10: median1, $11: quant_1st1, $12: quant_2nd1,
# $13: mean2 vs WT, $14: stdev2, $15: median2, $16: quant_1st2, $17: quant_2nd2,
# $18: size in terms of number of bc, $19: size1, $20: size2
S30D	R32D			1.15	0.19	1.18	0.96	1.31	1.13	0.2	1.16	1.01	1.26	1.1	0.16	1.09	0.98	1.19	5	38	61
S30D	R32E			0.85	0.52	None	None	None	1.13	0.2	1.16	1.01	1.26	0.87	0.4	1.03	0.31	1.19	3	38	39
S30D	R32F			0.82	0.07	0.82	0.75	0.89	1.13	0.2	1.16	1.01	1.26	0.77	0.15	0.79	0.69	0.86	4	38	71
S30D	R32G			1.12	0	None	None	None	1.13	0.2	1.16	1.01	1.26	0.98	0.12	0.96	0.88	1.05	1	38	19
S30D	R32K			1.19	0	None	None	None	1.13	0.2	1.16	1.01	1.26	0.99	0.2	0.93	0.84	1.13	1	38	23
S30D	R32L			-
S30E	S81F			0.17	0.01	None	None	None	1.16	0.22	1.18	0.94	1.36	0.18	0.06	0.17	0.13	0.2	2	23	58
S30E	S81G			0.42	0	None	None	None	1.16	0.22	1.18	0.94	1.36	0.31	0.11	0.32	0.27	0.37	1	23	24
S30E	S81K			0.0	0	None	None	None	1.16	0.22	1.18	0.94	1.36	0.08	0.05	0.08	0.07	0.1	1	23	21
S30E	S81R			0.2	0	None	None	None	1.16	0.22	1.18	0.94	1.36	0.08	0.06	0.08	0.07	0.1	1	23	18
S30E	S81S			0.76	0	None	None	None	1.16	0.22	1.18	0.94	1.36	0.98	0.17	0.98	0.87	1.11	1	23	45
S30E	S81T			1.08	0.21	None	None	None	1.16	0.22	1.18	0.94	1.36	0.95	0.25	0.94	0.8	1.09	2	23	37
S30S	L75W			1.12	0	None	None	None	1.08	0.18	1.09	0.9	1.26	0.9	0.25	0.96	0.65	1.08	1	19	9
S30S	T77A			1.08	0	None	None	None	1.08	0.18	1.09	0.9	1.26	0.84	0.19	0.88	0.73	0.94	1	19	9
S30S	T77E			1.32	0.14	None	None	None	1.08	0.18	1.09	0.9	1.26	1.05	0.17	1.04	0.91	1.18	2	19	29
W33A	R32D			0.88	0.03	None	None	None	0.67	0.1	0.65	0.59	0.77	1.1	0.16	1.09	0.98	1.19	2	25	61
W33A	R32E			-
W33A	R32F			0.25	0.03	None	None	None	0.67	0.1	0.65	0.59	0.77	0.77	0.15	0.79	0.69	0.86	3	25	71
W33A	R32G			0.64	0	None	None	None	0.67	0.1	0.65	0.59	0.77	0.98	0.12	0.96	0.88	1.05	1	25	19
W33A	R32K			0.63	0	None	None	None	0.67	0.1	0.65	0.59	0.77	0.99	0.2	0.93	0.84	1.13	1	25	23
W33A	R32L			0.19	0	None	None	None	0.67	0.1	0.65	0.59	0.77	0.9	0.35	1.03	0.67	1.09	1	25	21
W33A	S81R			0.07	0	None	None	None	0.67	0.1	0.65	0.59	0.77	0.08	0.06	0.08	0.07	0.1	1	25	18
W33R	R32D			0.1	0.05	0.12	0.08	0.14	0.11	0.04	0.11	0.1	0.13	1.1	0.16	1.09	0.98	1.19	7	48	61
W33R	R32E			0.12	0.02	0.12	0.11	0.14	0.11	0.04	0.11	0.1	0.13	0.87	0.4	1.03	0.31	1.19	4	48	39
W33R	R32N			-
W33R	R32Q			0.13	0	None	None	None	0.11	0.04	0.11	0.1	0.13	0.9	0.05	None	None	None	1	48	2
W33R	R32S			0.03	0.06	None	None	None	0.11	0.04	0.11	0.1	0.13	1.05	0.17	1.08	0.99	1.15	3	48	26
W33R	R32V			-
W33R	L75A			0.13	0.02	None	None	None	0.11	0.04	0.11	0.1	0.13	0.92	0.16	0.94	0.84	1.02	2	48	27
W33R	L75D			-
W33R	L75E			0.09	0.02	None	None	None	0.11	0.04	0.11	0.1	0.13	1.0	0.14	1.02	0.98	1.08	3	48	27
